Aug 02 2018 08:01:14
{"type":2,"message":"dns_get_record(): DNS Query failed","file":"C:\\xampp\\htdocs\\mobile\\wp-content\\plugins\\wordfence\\lib\\wfUtils.php","line":782}

Aug 02 2018 08:01:15
{"type":2,"message":"dns_get_record(): DNS Query failed","file":"C:\\xampp\\htdocs\\mobile\\wp-content\\plugins\\wordfence\\lib\\wfUtils.php","line":782}

Aug 02 2018 08:01:16
{"type":2,"message":"dns_get_record(): DNS Query failed","file":"C:\\xampp\\htdocs\\mobile\\wp-content\\plugins\\wordfence\\lib\\wfUtils.php","line":782}

Aug 02 2018 08:01:17
{"type":2,"message":"dns_get_record(): DNS Query failed","file":"C:\\xampp\\htdocs\\mobile\\wp-content\\plugins\\wordfence\\lib\\wfUtils.php","line":782}

Aug 02 2018 08:01:21
{"type":2,"message":"dns_get_record(): DNS Query failed","file":"C:\\xampp\\htdocs\\mobile\\wp-content\\plugins\\wordfence\\lib\\wfUtils.php","line":782}

Aug 02 2018 08:01:33
{"type":2,"message":"dns_get_record(): DNS Query failed","file":"C:\\xampp\\htdocs\\mobile\\wp-content\\plugins\\wordfence\\lib\\wfUtils.php","line":782}

Aug 02 2018 08:01:43
{"type":2,"message":"dns_get_record(): DNS Query failed","file":"C:\\xampp\\htdocs\\mobile\\wp-content\\plugins\\wordfence\\lib\\wfUtils.php","line":782}

Aug 02 2018 08:01:46
{"type":2,"message":"dns_get_record(): DNS Query failed","file":"C:\\xampp\\htdocs\\mobile\\wp-content\\plugins\\wordfence\\lib\\wfUtils.php","line":782}

Aug 02 2018 08:01:48
{"type":2,"message":"dns_get_record(): DNS Query failed","file":"C:\\xampp\\htdocs\\mobile\\wp-content\\plugins\\wordfence\\lib\\wfUtils.php","line":782}

Aug 02 2018 08:01:50
{"type":2,"message":"dns_get_record(): DNS Query failed","file":"C:\\xampp\\htdocs\\mobile\\wp-content\\plugins\\wordfence\\lib\\wfUtils.php","line":782}

Aug 02 2018 08:01:51
{"type":2,"message":"dns_get_record(): DNS Query failed","file":"C:\\xampp\\htdocs\\mobile\\wp-content\\plugins\\wordfence\\lib\\wfUtils.php","line":782}

Aug 06 2018 10:20:40
{"type":2,"message":"dns_get_record(): DNS Query failed","file":"C:\\xampp\\htdocs\\mobile\\wp-content\\plugins\\wordfence_old\\lib\\wfUtils.php","line":782}

Aug 06 2018 10:20:42
{"type":2,"message":"dns_get_record(): DNS Query failed","file":"C:\\xampp\\htdocs\\mobile\\wp-content\\plugins\\wordfence_old\\lib\\wfUtils.php","line":782}

Aug 06 2018 10:20:43
{"type":2,"message":"dns_get_record(): DNS Query failed","file":"C:\\xampp\\htdocs\\mobile\\wp-content\\plugins\\wordfence_old\\lib\\wfUtils.php","line":782}

Aug 06 2018 10:20:45
{"type":2,"message":"dns_get_record(): DNS Query failed","file":"C:\\xampp\\htdocs\\mobile\\wp-content\\plugins\\wordfence_old\\lib\\wfUtils.php","line":782}

Aug 06 2018 10:20:53
{"type":2,"message":"dns_get_record(): DNS Query failed","file":"C:\\xampp\\htdocs\\mobile\\wp-content\\plugins\\wordfence_old\\lib\\wfUtils.php","line":782}

Aug 06 2018 10:21:04
{"type":2,"message":"dns_get_record(): DNS Query failed","file":"C:\\xampp\\htdocs\\mobile\\wp-content\\plugins\\wordfence_old\\lib\\wfUtils.php","line":782}

Aug 06 2018 10:21:16
{"type":2,"message":"dns_get_record(): DNS Query failed","file":"C:\\xampp\\htdocs\\mobile\\wp-content\\plugins\\wordfence_old\\lib\\wfUtils.php","line":782}

Aug 06 2018 10:21:28
{"type":2,"message":"dns_get_record(): DNS Query failed","file":"C:\\xampp\\htdocs\\mobile\\wp-content\\plugins\\wordfence_old\\lib\\wfUtils.php","line":782}

Aug 06 2018 10:21:41
{"type":2,"message":"dns_get_record(): DNS Query failed","file":"C:\\xampp\\htdocs\\mobile\\wp-content\\plugins\\wordfence_old\\lib\\wfUtils.php","line":782}

Aug 06 2018 10:21:52
{"type":2,"message":"dns_get_record(): DNS Query failed","file":"C:\\xampp\\htdocs\\mobile\\wp-content\\plugins\\wordfence_old\\lib\\wfUtils.php","line":782}

Aug 06 2018 10:22:03
{"type":2,"message":"dns_get_record(): DNS Query failed","file":"C:\\xampp\\htdocs\\mobile\\wp-content\\plugins\\wordfence_old\\lib\\wfUtils.php","line":782}

Aug 06 2018 10:22:15
{"type":2,"message":"dns_get_record(): DNS Query failed","file":"C:\\xampp\\htdocs\\mobile\\wp-content\\plugins\\wordfence_old\\lib\\wfUtils.php","line":782}

Aug 06 2018 10:22:27
{"type":2,"message":"dns_get_record(): DNS Query failed","file":"C:\\xampp\\htdocs\\mobile\\wp-content\\plugins\\wordfence_old\\lib\\wfUtils.php","line":782}

Aug 06 2018 10:22:39
{"type":2,"message":"dns_get_record(): DNS Query failed","file":"C:\\xampp\\htdocs\\mobile\\wp-content\\plugins\\wordfence_old\\lib\\wfUtils.php","line":782}

Aug 06 2018 10:22:51
{"type":2,"message":"dns_get_record(): DNS Query failed","file":"C:\\xampp\\htdocs\\mobile\\wp-content\\plugins\\wordfence_old\\lib\\wfUtils.php","line":782}

Aug 06 2018 10:23:01
{"type":2,"message":"dns_get_record(): DNS Query failed","file":"C:\\xampp\\htdocs\\mobile\\wp-content\\plugins\\wordfence_old\\lib\\wfUtils.php","line":782}

Aug 06 2018 10:23:10
{"type":2,"message":"dns_get_record(): DNS Query failed","file":"C:\\xampp\\htdocs\\mobile\\wp-content\\plugins\\wordfence_old\\lib\\wfUtils.php","line":782}

Aug 06 2018 10:23:12
{"type":2,"message":"dns_get_record(): DNS Query failed","file":"C:\\xampp\\htdocs\\mobile\\wp-content\\plugins\\wordfence_old\\lib\\wfUtils.php","line":782}

Aug 06 2018 10:23:13
{"type":2,"message":"dns_get_record(): DNS Query failed","file":"C:\\xampp\\htdocs\\mobile\\wp-content\\plugins\\wordfence_old\\lib\\wfUtils.php","line":782}

Aug 06 2018 10:23:15
{"type":2,"message":"dns_get_record(): DNS Query failed","file":"C:\\xampp\\htdocs\\mobile\\wp-content\\plugins\\wordfence_old\\lib\\wfUtils.php","line":782}

Jan 30 2020 12:06:20
{"type":2,"message":"dns_get_record(): DNS Query failed","file":"D:\\xampp\\htdocs\\conceptrecall\\wp-content\\plugins\\wordfence\\lib\\wfUtils.php","line":998}

Jan 30 2020 12:06:24
{"type":2,"message":"dns_get_record(): DNS Query failed","file":"D:\\xampp\\htdocs\\conceptrecall\\wp-content\\plugins\\wordfence\\lib\\wfUtils.php","line":998}

Jan 30 2020 12:06:27
{"type":2,"message":"dns_get_record(): DNS Query failed","file":"D:\\xampp\\htdocs\\conceptrecall\\wp-content\\plugins\\wordfence\\lib\\wfUtils.php","line":998}

Jan 30 2020 12:06:29
{"type":2,"message":"dns_get_record(): DNS Query failed","file":"D:\\xampp\\htdocs\\conceptrecall\\wp-content\\plugins\\wordfence\\lib\\wfUtils.php","line":998}

Jan 30 2020 12:06:36
{"type":2,"message":"dns_get_record(): DNS Query failed","file":"D:\\xampp\\htdocs\\conceptrecall\\wp-content\\plugins\\wordfence\\lib\\wfUtils.php","line":998}

Jan 30 2020 12:06:49
{"type":2,"message":"dns_get_record(): DNS Query failed","file":"D:\\xampp\\htdocs\\conceptrecall\\wp-content\\plugins\\wordfence\\lib\\wfUtils.php","line":998}

Jan 30 2020 12:07:10
{"type":2,"message":"dns_get_record(): DNS Query failed","file":"D:\\xampp\\htdocs\\conceptrecall\\wp-content\\plugins\\wordfence\\lib\\wfUtils.php","line":998}

Jan 30 2020 12:07:22
{"type":2,"message":"dns_get_record(): DNS Query failed","file":"D:\\xampp\\htdocs\\conceptrecall\\wp-content\\plugins\\wordfence\\lib\\wfUtils.php","line":998}

Jan 30 2020 12:07:35
{"type":2,"message":"dns_get_record(): DNS Query failed","file":"D:\\xampp\\htdocs\\conceptrecall\\wp-content\\plugins\\wordfence\\lib\\wfUtils.php","line":998}

Jan 30 2020 12:07:48
{"type":2,"message":"dns_get_record(): DNS Query failed","file":"D:\\xampp\\htdocs\\conceptrecall\\wp-content\\plugins\\wordfence\\lib\\wfUtils.php","line":998}

Jan 30 2020 12:08:00
{"type":2,"message":"dns_get_record(): DNS Query failed","file":"D:\\xampp\\htdocs\\conceptrecall\\wp-content\\plugins\\wordfence\\lib\\wfUtils.php","line":998}

Jan 30 2020 12:08:12
{"type":2,"message":"dns_get_record(): DNS Query failed","file":"D:\\xampp\\htdocs\\conceptrecall\\wp-content\\plugins\\wordfence\\lib\\wfUtils.php","line":998}

Jan 30 2020 12:08:25
{"type":2,"message":"dns_get_record(): DNS Query failed","file":"D:\\xampp\\htdocs\\conceptrecall\\wp-content\\plugins\\wordfence\\lib\\wfUtils.php","line":998}

Jan 30 2020 12:08:38
{"type":2,"message":"dns_get_record(): DNS Query failed","file":"D:\\xampp\\htdocs\\conceptrecall\\wp-content\\plugins\\wordfence\\lib\\wfUtils.php","line":998}

Jan 30 2020 12:08:51
{"type":2,"message":"dns_get_record(): DNS Query failed","file":"D:\\xampp\\htdocs\\conceptrecall\\wp-content\\plugins\\wordfence\\lib\\wfUtils.php","line":998}

Jan 30 2020 12:09:04
{"type":2,"message":"dns_get_record(): DNS Query failed","file":"D:\\xampp\\htdocs\\conceptrecall\\wp-content\\plugins\\wordfence\\lib\\wfUtils.php","line":998}

Jan 30 2020 12:09:19
{"type":2,"message":"dns_get_record(): DNS Query failed","file":"D:\\xampp\\htdocs\\conceptrecall\\wp-content\\plugins\\wordfence\\lib\\wfUtils.php","line":998}

Jan 30 2020 12:09:39
{"type":2,"message":"dns_get_record(): DNS Query failed","file":"D:\\xampp\\htdocs\\conceptrecall\\wp-content\\plugins\\wordfence\\lib\\wfUtils.php","line":998}

Jan 30 2020 12:09:55
{"type":2,"message":"dns_get_record(): DNS Query failed","file":"D:\\xampp\\htdocs\\conceptrecall\\wp-content\\plugins\\wordfence\\lib\\wfUtils.php","line":998}

Jan 30 2020 12:10:07
{"type":2,"message":"dns_get_record(): DNS Query failed","file":"D:\\xampp\\htdocs\\conceptrecall\\wp-content\\plugins\\wordfence\\lib\\wfUtils.php","line":998}

Jan 30 2020 12:10:20
{"type":2,"message":"dns_get_record(): DNS Query failed","file":"D:\\xampp\\htdocs\\conceptrecall\\wp-content\\plugins\\wordfence\\lib\\wfUtils.php","line":998}

Jan 30 2020 12:10:34
{"type":2,"message":"dns_get_record(): DNS Query failed","file":"D:\\xampp\\htdocs\\conceptrecall\\wp-content\\plugins\\wordfence\\lib\\wfUtils.php","line":998}

Jan 30 2020 12:10:48
{"type":2,"message":"dns_get_record(): DNS Query failed","file":"D:\\xampp\\htdocs\\conceptrecall\\wp-content\\plugins\\wordfence\\lib\\wfUtils.php","line":998}

Jan 30 2020 12:10:54
{"type":2,"message":"dns_get_record(): DNS Query failed","file":"D:\\xampp\\htdocs\\conceptrecall\\wp-content\\plugins\\wordfence\\lib\\wfUtils.php","line":998}

Jan 30 2020 12:11:04
{"type":2,"message":"dns_get_record(): DNS Query failed","file":"D:\\xampp\\htdocs\\conceptrecall\\wp-content\\plugins\\wordfence\\lib\\wfUtils.php","line":998}

Jan 30 2020 12:11:08
{"type":2,"message":"dns_get_record(): DNS Query failed","file":"D:\\xampp\\htdocs\\conceptrecall\\wp-content\\plugins\\wordfence\\lib\\wfUtils.php","line":998}

Jan 30 2020 12:11:14
{"type":2,"message":"dns_get_record(): DNS Query failed","file":"D:\\xampp\\htdocs\\conceptrecall\\wp-content\\plugins\\wordfence\\lib\\wfUtils.php","line":998}

Jan 30 2020 12:11:20
{"type":2,"message":"dns_get_record(): DNS Query failed","file":"D:\\xampp\\htdocs\\conceptrecall\\wp-content\\plugins\\wordfence\\lib\\wfUtils.php","line":998}

Feb 12 2020 12:12:38
{"type":2,"message":"dns_get_record(): DNS Query failed","file":"D:\\xampp\\htdocs\\explainer_media\\wp-content\\plugins\\wordfence\\lib\\wfUtils.php","line":998}

Feb 12 2020 12:12:42
{"type":2,"message":"dns_get_record(): DNS Query failed","file":"D:\\xampp\\htdocs\\explainer_media\\wp-content\\plugins\\wordfence\\lib\\wfUtils.php","line":998}

Feb 12 2020 12:12:45
{"type":2,"message":"dns_get_record(): DNS Query failed","file":"D:\\xampp\\htdocs\\explainer_media\\wp-content\\plugins\\wordfence\\lib\\wfUtils.php","line":998}

Feb 12 2020 12:12:47
{"type":2,"message":"dns_get_record(): DNS Query failed","file":"D:\\xampp\\htdocs\\explainer_media\\wp-content\\plugins\\wordfence\\lib\\wfUtils.php","line":998}

Feb 12 2020 12:12:54
{"type":2,"message":"dns_get_record(): DNS Query failed","file":"D:\\xampp\\htdocs\\explainer_media\\wp-content\\plugins\\wordfence\\lib\\wfUtils.php","line":998}

Feb 12 2020 12:13:07
{"type":2,"message":"dns_get_record(): DNS Query failed","file":"D:\\xampp\\htdocs\\explainer_media\\wp-content\\plugins\\wordfence\\lib\\wfUtils.php","line":998}

Feb 12 2020 12:13:24
{"type":2,"message":"dns_get_record(): DNS Query failed","file":"D:\\xampp\\htdocs\\explainer_media\\wp-content\\plugins\\wordfence\\lib\\wfUtils.php","line":998}

Feb 12 2020 12:13:39
{"type":2,"message":"dns_get_record(): DNS Query failed","file":"D:\\xampp\\htdocs\\explainer_media\\wp-content\\plugins\\wordfence\\lib\\wfUtils.php","line":998}

Feb 12 2020 12:13:54
{"type":2,"message":"dns_get_record(): DNS Query failed","file":"D:\\xampp\\htdocs\\explainer_media\\wp-content\\plugins\\wordfence\\lib\\wfUtils.php","line":998}

Feb 12 2020 12:14:08
{"type":2,"message":"dns_get_record(): DNS Query failed","file":"D:\\xampp\\htdocs\\explainer_media\\wp-content\\plugins\\wordfence\\lib\\wfUtils.php","line":998}

Feb 12 2020 12:14:22
{"type":2,"message":"dns_get_record(): DNS Query failed","file":"D:\\xampp\\htdocs\\explainer_media\\wp-content\\plugins\\wordfence\\lib\\wfUtils.php","line":998}

Feb 12 2020 12:14:36
{"type":2,"message":"dns_get_record(): DNS Query failed","file":"D:\\xampp\\htdocs\\explainer_media\\wp-content\\plugins\\wordfence\\lib\\wfUtils.php","line":998}

Feb 12 2020 12:14:50
{"type":2,"message":"dns_get_record(): DNS Query failed","file":"D:\\xampp\\htdocs\\explainer_media\\wp-content\\plugins\\wordfence\\lib\\wfUtils.php","line":998}

Feb 12 2020 12:15:02
{"type":2,"message":"dns_get_record(): DNS Query failed","file":"D:\\xampp\\htdocs\\explainer_media\\wp-content\\plugins\\wordfence\\lib\\wfUtils.php","line":998}

Feb 12 2020 12:15:15
{"type":2,"message":"dns_get_record(): DNS Query failed","file":"D:\\xampp\\htdocs\\explainer_media\\wp-content\\plugins\\wordfence\\lib\\wfUtils.php","line":998}

Feb 12 2020 12:15:31
{"type":2,"message":"dns_get_record(): DNS Query failed","file":"D:\\xampp\\htdocs\\explainer_media\\wp-content\\plugins\\wordfence\\lib\\wfUtils.php","line":998}

Feb 12 2020 12:15:44
{"type":2,"message":"dns_get_record(): DNS Query failed","file":"D:\\xampp\\htdocs\\explainer_media\\wp-content\\plugins\\wordfence\\lib\\wfUtils.php","line":998}

Feb 12 2020 12:15:57
{"type":2,"message":"dns_get_record(): DNS Query failed","file":"D:\\xampp\\htdocs\\explainer_media\\wp-content\\plugins\\wordfence\\lib\\wfUtils.php","line":998}

Feb 12 2020 12:16:09
{"type":2,"message":"dns_get_record(): DNS Query failed","file":"D:\\xampp\\htdocs\\explainer_media\\wp-content\\plugins\\wordfence\\lib\\wfUtils.php","line":998}

Feb 12 2020 12:16:23
{"type":2,"message":"dns_get_record(): DNS Query failed","file":"D:\\xampp\\htdocs\\explainer_media\\wp-content\\plugins\\wordfence\\lib\\wfUtils.php","line":998}

Feb 12 2020 12:16:36
{"type":2,"message":"dns_get_record(): DNS Query failed","file":"D:\\xampp\\htdocs\\explainer_media\\wp-content\\plugins\\wordfence\\lib\\wfUtils.php","line":998}

Feb 12 2020 12:16:48
{"type":2,"message":"dns_get_record(): DNS Query failed","file":"D:\\xampp\\htdocs\\explainer_media\\wp-content\\plugins\\wordfence\\lib\\wfUtils.php","line":998}

Feb 12 2020 12:16:57
{"type":2,"message":"dns_get_record(): DNS Query failed","file":"D:\\xampp\\htdocs\\explainer_media\\wp-content\\plugins\\wordfence\\lib\\wfUtils.php","line":998}

Feb 12 2020 12:17:02
{"type":2,"message":"dns_get_record(): DNS Query failed","file":"D:\\xampp\\htdocs\\explainer_media\\wp-content\\plugins\\wordfence\\lib\\wfUtils.php","line":998}

Feb 12 2020 12:17:05
{"type":2,"message":"dns_get_record(): DNS Query failed","file":"D:\\xampp\\htdocs\\explainer_media\\wp-content\\plugins\\wordfence\\lib\\wfUtils.php","line":998}

Feb 12 2020 12:17:07
{"type":2,"message":"dns_get_record(): DNS Query failed","file":"D:\\xampp\\htdocs\\explainer_media\\wp-content\\plugins\\wordfence\\lib\\wfUtils.php","line":998}

Feb 12 2020 12:17:09
{"type":2,"message":"dns_get_record(): DNS Query failed","file":"D:\\xampp\\htdocs\\explainer_media\\wp-content\\plugins\\wordfence\\lib\\wfUtils.php","line":998}

